<?xml version="1.0" encoding="UTF-8"?>
<testng-results ignored="0" total="5" passed="5" failed="0" skipped="0">
  <reporter-output>
    <line>
      <![CDATA[Campaign Banner_7169 added successfully]]>
    </line>
    <line>
      <![CDATA[campaign Banner_2694 added successfully]]>
    </line>
    <line>
      <![CDATA[Validation is passed]]>
    </line>
  </reporter-output>
  <suite started-at="2025-03-29T20:33:42 IST" name="Suite" finished-at="2025-03-29T20:35:13 IST" duration-ms="91418">
    <groups>
      <group name="Integration">
        <method signature="CreateProduct.createProductTest()[pri:0, instance:ProductTest.CreateProduct@4bdeaabb]" name="createProductTest" class="ProductTest.CreateProduct"/>
      </group> <!-- Integration -->
      <group name="RegressionTest">
        <method signature="CreateContact.createConatctWithCampaignTest()[pri:0, instance:ContactTest.CreateContact@65987993]" name="createConatctWithCampaignTest" class="ContactTest.CreateContact"/>
      </group> <!-- RegressionTest -->
    </groups>
    <test started-at="2025-03-29T20:33:42 IST" name="Test" finished-at="2025-03-29T20:35:13 IST" duration-ms="91418">
      <class name="Login.LoginTest">
        <test-method is-config="true" signature="beforeClass()[pri:0, instance:Login.LoginTest@6c4906d3]" started-at="2025-03-29T20:34:39 IST" name="beforeClass" finished-at="2025-03-29T20:34:41 IST" duration-ms="2151" status="PASS">
          <reporter-output>
          </reporter-output>
        </test-method> <!-- beforeClass -->
        <test-method is-config="true" signature="beforeMethod()[pri:0, instance:Login.LoginTest@6c4906d3]" started-at="2025-03-29T20:34:41 IST" name="beforeMethod" finished-at="2025-03-29T20:34:44 IST" duration-ms="2724" status="PASS">
          <reporter-output>
          </reporter-output>
        </test-method> <!-- beforeMethod -->
        <test-method signature="loginTest()[pri:0, instance:Login.LoginTest@6c4906d3]" started-at="2025-03-29T20:34:44 IST" name="loginTest" finished-at="2025-03-29T20:34:46 IST" duration-ms="2237" status="PASS">
          <reporter-output>
            <line>
              <![CDATA[Validation is passed]]>
            </line>
          </reporter-output>
        </test-method> <!-- loginTest -->
        <test-method is-config="true" signature="afterMethod()[pri:0, instance:Login.LoginTest@6c4906d3]" started-at="2025-03-29T20:34:46 IST" name="afterMethod" finished-at="2025-03-29T20:34:46 IST" duration-ms="114" status="PASS">
          <reporter-output>
          </reporter-output>
        </test-method> <!-- afterMethod -->
        <test-method is-config="true" signature="afterClass()[pri:0, instance:Login.LoginTest@6c4906d3]" started-at="2025-03-29T20:34:46 IST" name="afterClass" finished-at="2025-03-29T20:34:47 IST" duration-ms="759" status="PASS">
          <reporter-output>
          </reporter-output>
        </test-method> <!-- afterClass -->
      </class> <!-- Login.LoginTest -->
      <class name="ProductTest.CreateProduct">
        <test-method is-config="true" signature="beforeClass()[pri:0, instance:ProductTest.CreateProduct@4bdeaabb]" started-at="2025-03-29T20:34:19 IST" name="beforeClass" finished-at="2025-03-29T20:34:21 IST" duration-ms="2150" status="PASS">
          <reporter-output>
          </reporter-output>
        </test-method> <!-- beforeClass -->
        <test-method is-config="true" signature="beforeMethod()[pri:0, instance:ProductTest.CreateProduct@4bdeaabb]" started-at="2025-03-29T20:34:21 IST" name="beforeMethod" finished-at="2025-03-29T20:34:24 IST" duration-ms="2701" status="PASS">
          <reporter-output>
          </reporter-output>
        </test-method> <!-- beforeMethod -->
        <test-method signature="createProductTest()[pri:0, instance:ProductTest.CreateProduct@4bdeaabb]" started-at="2025-03-29T20:34:24 IST" name="createProductTest" finished-at="2025-03-29T20:34:38 IST" duration-ms="14034" status="PASS">
          <reporter-output>
          </reporter-output>
        </test-method> <!-- createProductTest -->
        <test-method is-config="true" signature="afterMethod()[pri:0, instance:ProductTest.CreateProduct@4bdeaabb]" started-at="2025-03-29T20:34:38 IST" name="afterMethod" finished-at="2025-03-29T20:34:38 IST" duration-ms="73" status="PASS">
          <reporter-output>
          </reporter-output>
        </test-method> <!-- afterMethod -->
        <test-method is-config="true" signature="afterClass()[pri:0, instance:ProductTest.CreateProduct@4bdeaabb]" started-at="2025-03-29T20:34:38 IST" name="afterClass" finished-at="2025-03-29T20:34:39 IST" duration-ms="829" status="PASS">
          <reporter-output>
          </reporter-output>
        </test-method> <!-- afterClass -->
      </class> <!-- ProductTest.CreateProduct -->
      <class name="CampaignTest.CreateCampaign">
        <test-method is-config="true" signature="beforeSuite()[pri:0, instance:CampaignTest.CreateCampaign@312aa7c]" started-at="2025-03-29T20:33:40 IST" name="beforeSuite" finished-at="2025-03-29T20:33:42 IST" duration-ms="1311" status="PASS">
          <reporter-output>
          </reporter-output>
        </test-method> <!-- beforeSuite -->
        <test-method is-config="true" signature="beforeTest()[pri:0, instance:CampaignTest.CreateCampaign@312aa7c]" started-at="2025-03-29T20:33:42 IST" name="beforeTest" finished-at="2025-03-29T20:33:42 IST" duration-ms="2" status="PASS">
          <reporter-output>
          </reporter-output>
        </test-method> <!-- beforeTest -->
        <test-method is-config="true" signature="beforeClass()[pri:0, instance:CampaignTest.CreateCampaign@312aa7c]" started-at="2025-03-29T20:33:42 IST" name="beforeClass" finished-at="2025-03-29T20:33:45 IST" duration-ms="3623" status="PASS">
          <reporter-output>
          </reporter-output>
        </test-method> <!-- beforeClass -->
        <test-method is-config="true" signature="beforeMethod()[pri:0, instance:CampaignTest.CreateCampaign@312aa7c]" started-at="2025-03-29T20:33:45 IST" name="beforeMethod" finished-at="2025-03-29T20:33:48 IST" duration-ms="2881" status="PASS">
          <reporter-output>
          </reporter-output>
        </test-method> <!-- beforeMethod -->
        <test-method signature="createCampaignTest()[pri:0, instance:CampaignTest.CreateCampaign@312aa7c]" started-at="2025-03-29T20:33:48 IST" name="createCampaignTest" finished-at="2025-03-29T20:34:04 IST" duration-ms="15520" status="PASS">
          <reporter-output>
            <line>
              <![CDATA[Campaign Banner_7169 added successfully]]>
            </line>
          </reporter-output>
        </test-method> <!-- createCampaignTest -->
        <test-method is-config="true" signature="afterMethod()[pri:0, instance:CampaignTest.CreateCampaign@312aa7c]" started-at="2025-03-29T20:34:04 IST" name="afterMethod" finished-at="2025-03-29T20:34:04 IST" duration-ms="77" status="PASS">
          <reporter-output>
          </reporter-output>
        </test-method> <!-- afterMethod -->
        <test-method is-config="true" signature="beforeMethod()[pri:0, instance:CampaignTest.CreateCampaign@312aa7c]" started-at="2025-03-29T20:34:04 IST" name="beforeMethod" finished-at="2025-03-29T20:34:05 IST" duration-ms="1413" status="PASS">
          <reporter-output>
          </reporter-output>
        </test-method> <!-- beforeMethod -->
        <test-method signature="createCampaignWithDateTest()[pri:0, instance:CampaignTest.CreateCampaign@312aa7c]" started-at="2025-03-29T20:34:05 IST" name="createCampaignWithDateTest" finished-at="2025-03-29T20:34:18 IST" duration-ms="12911" status="PASS">
          <reporter-output>
            <line>
              <![CDATA[campaign Banner_2694 added successfully]]>
            </line>
          </reporter-output>
        </test-method> <!-- createCampaignWithDateTest -->
        <test-method is-config="true" signature="afterMethod()[pri:0, instance:CampaignTest.CreateCampaign@312aa7c]" started-at="2025-03-29T20:34:18 IST" name="afterMethod" finished-at="2025-03-29T20:34:18 IST" duration-ms="76" status="PASS">
          <reporter-output>
          </reporter-output>
        </test-method> <!-- afterMethod -->
        <test-method is-config="true" signature="afterClass()[pri:0, instance:CampaignTest.CreateCampaign@312aa7c]" started-at="2025-03-29T20:34:18 IST" name="afterClass" finished-at="2025-03-29T20:34:19 IST" duration-ms="635" status="PASS">
          <reporter-output>
          </reporter-output>
        </test-method> <!-- afterClass -->
        <test-method is-config="true" signature="afterTest()[pri:0, instance:CampaignTest.CreateCampaign@312aa7c]" started-at="2025-03-29T20:35:13 IST" name="afterTest" finished-at="2025-03-29T20:35:13 IST" duration-ms="0" status="PASS">
          <reporter-output>
          </reporter-output>
        </test-method> <!-- afterTest -->
        <test-method is-config="true" signature="afterSuite()[pri:0, instance:CampaignTest.CreateCampaign@312aa7c]" started-at="2025-03-29T20:35:14 IST" name="afterSuite" finished-at="2025-03-29T20:35:14 IST" duration-ms="2" status="PASS">
          <reporter-output>
          </reporter-output>
        </test-method> <!-- afterSuite -->
      </class> <!-- CampaignTest.CreateCampaign -->
      <class name="ContactTest.CreateContact">
        <test-method is-config="true" signature="beforeClass()[pri:0, instance:ContactTest.CreateContact@65987993]" started-at="2025-03-29T20:34:47 IST" name="beforeClass" finished-at="2025-03-29T20:34:49 IST" duration-ms="2316" status="PASS">
          <reporter-output>
          </reporter-output>
        </test-method> <!-- beforeClass -->
        <test-method is-config="true" signature="beforeMethod()[pri:0, instance:ContactTest.CreateContact@65987993]" started-at="2025-03-29T20:34:49 IST" name="beforeMethod" finished-at="2025-03-29T20:34:51 IST" duration-ms="2189" status="PASS">
          <reporter-output>
          </reporter-output>
        </test-method> <!-- beforeMethod -->
        <test-method signature="createConatctWithCampaignTest()[pri:0, instance:ContactTest.CreateContact@65987993]" started-at="2025-03-29T20:34:51 IST" name="createConatctWithCampaignTest" finished-at="2025-03-29T20:35:12 IST" duration-ms="21015" status="PASS">
          <reporter-output>
          </reporter-output>
        </test-method> <!-- createConatctWithCampaignTest -->
        <test-method is-config="true" signature="afterMethod()[pri:0, instance:ContactTest.CreateContact@65987993]" started-at="2025-03-29T20:35:12 IST" name="afterMethod" finished-at="2025-03-29T20:35:12 IST" duration-ms="74" status="PASS">
          <reporter-output>
          </reporter-output>
        </test-method> <!-- afterMethod -->
        <test-method is-config="true" signature="afterClass()[pri:0, instance:ContactTest.CreateContact@65987993]" started-at="2025-03-29T20:35:12 IST" name="afterClass" finished-at="2025-03-29T20:35:13 IST" duration-ms="733" status="PASS">
          <reporter-output>
          </reporter-output>
        </test-method> <!-- afterClass -->
      </class> <!-- ContactTest.CreateContact -->
    </test> <!-- Test -->
  </suite> <!-- Suite -->
</testng-results>
