<?xml version="1.0" encoding="UTF-8"?>
<!-- Generated by org.testng.reporters.JUnitXMLReporter -->
<testsuite ignored="0" hostname="LAPTOP-25MQB1CL" failures="0" tests="3" name="Test1" time="54.063" errors="0" timestamp="2025-03-20T20:50:31 IST">
  <testcase classname="CampaignTest.CreateCampaign" name="createCampaignTest" time="19.575"/>
  <testcase classname="CampaignTest.CreateCampaign" name="createCampaignWithDateTest" time="17.5"/>
  <testcase classname="ProductTest.CreateProduct" name="createProductTest" time="16.913"/>
</testsuite> <!-- Test1 -->
