<?xml version="1.0" encoding="UTF-8"?>
<!-- Generated by org.testng.reporters.JUnitXMLReporter -->
<testsuite ignored="0" hostname="LAPTOP-25MQB1CL" failures="0" tests="5" name="Test_chrome" time="87.347" errors="0" timestamp="2025-03-21T20:52:38 IST">
  <testcase classname="CampaignTest.CreateCampaign" name="createCampaignTest" time="20.316"/>
  <testcase classname="CampaignTest.CreateCampaign" name="createCampaignWithDateTest" time="18.266"/>
  <testcase classname="ProductTest.CreateProduct" name="createProductTest" time="17.666"/>
  <testcase classname="Login.LoginTest" name="loginTest" time="5.758"/>
  <testcase classname="ContactTest.CreateContact" name="createConatctWithCampaignTest" time="25.259"/>
</testsuite> <!-- Test_chrome -->
