<?xml version="1.0" encoding="UTF-8"?>
<!-- Generated by org.testng.reporters.JUnitXMLReporter -->
<testsuite ignored="0" hostname="LAPTOP-25MQB1CL" failures="0" tests="5" name="Test_Edge" time="101.932" errors="0" timestamp="2025-03-21T20:52:53 IST">
  <testcase classname="CampaignTest.CreateCampaign" name="createCampaignTest" time="23.368"/>
  <testcase classname="CampaignTest.CreateCampaign" name="createCampaignWithDateTest" time="20.731"/>
  <testcase classname="ProductTest.CreateProduct" name="createProductTest" time="21.433"/>
  <testcase classname="Login.LoginTest" name="loginTest" time="10.014"/>
  <testcase classname="ContactTest.CreateContact" name="createConatctWithCampaignTest" time="26.311"/>
</testsuite> <!-- Test_Edge -->
